2025.02.22 12:30:53,836	INFO	1	org.l2jmobius.commons.util.IXmlReader	Network Config: ipconfig.xml does not exist, using automatic configuration...
2025.02.22 12:30:54,054	INFO	1	org.l2jmobius.commons.util.IXmlReader	Network Config: Adding new subnet: 192.168.2.0/24 address: 192.168.2.5
2025.02.22 12:30:54,055	INFO	1	org.l2jmobius.commons.util.IXmlReader	Network Config: Adding new subnet: 192.168.56.0/24 address: 192.168.56.1
2025.02.22 12:30:54,055	INFO	1	org.l2jmobius.commons.util.IXmlReader	Network Config: Adding new subnet: 127.0.0.0/8 address: 127.0.0.1
2025.02.22 12:30:54,055	INFO	1	org.l2jmobius.commons.util.IXmlReader	Network Config: Adding new subnet: 0.0.0.0/0 address: 46.103.178.201
2025.02.22 12:30:54,381	INFO	1	org.l2jmobius.Config	Loaded 6 Filter Words.
2025.02.22 12:30:54,387	INFO	1	org.l2jmobius.gameserver.GameServer	------------------------------------------------=[ Database ]
2025.02.22 12:30:54,526	INFO	1	org.l2jmobius.commons.database.DatabaseFactory	Database: HikariCP pool initialized successfully.
2025.02.22 12:30:54,718	INFO	1	org.l2jmobius.commons.database.DatabaseFactory	Database: Initialized with a valid connection.
2025.02.22 12:30:54,724	INFO	1	org.l2jmobius.gameserver.GameServer	----------------------------------------------=[ ThreadPool ]
2025.02.22 12:30:54,728	INFO	1	org.l2jmobius.commons.threads.ThreadPool	ThreadPool: Initialized
2025.02.22 12:30:54,728	INFO	1	org.l2jmobius.commons.threads.ThreadPool	...scheduled pool executor with 20 high priority threads.
2025.02.22 12:30:54,737	INFO	1	org.l2jmobius.commons.threads.ThreadPool	...scheduled pool executor with 80 total threads.
2025.02.22 12:30:54,738	INFO	1	org.l2jmobius.commons.threads.ThreadPool	...instant pool executor with 40 total threads.
2025.02.22 12:30:54,742	INFO	1	org.l2jmobius.gameserver.GameServer	-----------------------------------------------=[ IdManager ]
2025.02.22 12:30:55,104	INFO	1	org.l2jmobius.gameserver.managers.DatabaseIdManager	DatabaseIdManager: Cleaned 0 elements in 0 seconds.
2025.02.22 12:30:55,113	INFO	1	org.l2jmobius.gameserver.managers.DatabaseIdManager	DatabaseIdManager: Updated character online status.
2025.02.22 12:30:55,120	INFO	1	org.l2jmobius.gameserver.managers.DatabaseIdManager	DatabaseIdManager: Cleaned 0 expired timestamps.
2025.02.22 12:30:55,150	INFO	1	org.l2jmobius.gameserver.managers.IdManager	IdManager: 102912 ids available.
2025.02.22 12:30:55,150	INFO	1	org.l2jmobius.gameserver.GameServer	----------------------------------------=[ Scripting Engine ]
2025.02.22 12:30:55,290	INFO	1	org.l2jmobius.gameserver.scripting.ScriptEngineManager	Loaded 374 files to exclude.
2025.02.22 12:30:55,290	INFO	1	org.l2jmobius.gameserver.GameServer	---------------------------------------------------=[ World ]
2025.02.22 12:30:55,299	INFO	1	org.l2jmobius.commons.util.IXmlReader	InstanceManager: Multiverse Instance created.
2025.02.22 12:30:55,299	INFO	1	org.l2jmobius.commons.util.IXmlReader	InstanceManager: Universe Instance created.
2025.02.22 12:30:55,322	INFO	1	org.l2jmobius.commons.util.IXmlReader	InstanceManager: Loaded 2 instance templates.
2025.02.22 12:30:55,427	INFO	1	org.l2jmobius.commons.util.IXmlReader	MapRegionManager: Loaded 41 map regions.
2025.02.22 12:30:55,455	INFO	1	org.l2jmobius.gameserver.managers.GlobalVariablesManager	GlobalVariablesManager: Loaded 3 variables.
2025.02.22 12:30:55,456	INFO	1	org.l2jmobius.gameserver.GameServer	----------------------------------------------------=[ Data ]
2025.02.22 12:30:55,483	INFO	1	org.l2jmobius.gameserver.data.xml.CategoryData	CategoryData: Loaded 160 categories.
2025.02.22 12:30:55,495	INFO	1	org.l2jmobius.gameserver.GameServer	--------------------------------------------------=[ Skills ]
2025.02.22 12:30:56,181	INFO	1	handlers.EffectMasterHandler	EffectMasterHandler: Loaded 143 effect handlers.
2025.02.22 12:30:56,252	INFO	1	org.l2jmobius.gameserver.data.sql.EnchantSkillTreesTable	EnchantSkillTreesTable: Loaded 13200 enchant skills.
2025.02.22 12:30:56,579	INFO	1	org.l2jmobius.commons.util.IXmlReader	SkillTreeData: Loaded 12993 Class Skills for 89 class skill trees.
2025.02.22 12:30:56,580	INFO	1	org.l2jmobius.commons.util.IXmlReader	SkillTreeData: Loaded 111 fishing skills, 8 Dwarven only fishing skills.
2025.02.22 12:30:56,580	INFO	1	org.l2jmobius.commons.util.IXmlReader	SkillTreeData: Loaded 8 noble skills.
2025.02.22 12:30:56,580	INFO	1	org.l2jmobius.commons.util.IXmlReader	SkillTreeData: Loaded 0 hero skills.
2025.02.22 12:30:56,580	INFO	1	org.l2jmobius.commons.util.IXmlReader	SkillTreeData: Loaded 1 game master skills.
2025.02.22 12:30:56,580	INFO	1	org.l2jmobius.commons.util.IXmlReader	SkillTreeData: Loaded 1 game master aura skills.
2025.02.22 12:30:57,715	INFO	1	org.l2jmobius.gameserver.data.xml.SkillData	SkillData: Loaded 25032 Skill templates from XML files.
2025.02.22 12:30:57,744	INFO	1	org.l2jmobius.gameserver.data.xml.PetSkillData	PetSkillData: Loaded 761 skills.
2025.02.22 12:30:57,744	INFO	1	org.l2jmobius.gameserver.GameServer	---------------------------------------------------=[ Items ]
2025.02.22 12:30:57,985	INFO	1	org.l2jmobius.gameserver.data.xml.ItemData	ItemData: Highest item id used: 13534
2025.02.22 12:30:57,986	INFO	1	org.l2jmobius.gameserver.data.xml.ItemData	ItemData: Loaded 6001 etc items.
2025.02.22 12:30:57,986	INFO	1	org.l2jmobius.gameserver.data.xml.ItemData	ItemData: Loaded 913 armor items.
2025.02.22 12:30:57,987	INFO	1	org.l2jmobius.gameserver.data.xml.ItemData	ItemData: Loaded 937 weapon items.
2025.02.22 12:30:57,987	INFO	1	org.l2jmobius.gameserver.data.xml.ItemData	ItemData: Loaded 7851 items in total.
2025.02.22 12:30:58,001	INFO	1	org.l2jmobius.commons.util.IXmlReader	EnchantItemGroupsData: Loaded 4 item group templates.
2025.02.22 12:30:58,001	INFO	1	org.l2jmobius.commons.util.IXmlReader	EnchantItemGroupsData: Loaded 1 scroll group templates.
2025.02.22 12:30:58,001	INFO	1	org.l2jmobius.commons.util.IXmlReader	EnchantItemGroupsData: Max weapon enchant is set to 16.
2025.02.22 12:30:58,001	INFO	1	org.l2jmobius.commons.util.IXmlReader	EnchantItemGroupsData: Max armor enchant is set to 16.
2025.02.22 12:30:58,001	INFO	1	org.l2jmobius.commons.util.IXmlReader	EnchantItemGroupsData: Max accessory enchant is set to 16.
2025.02.22 12:30:58,013	INFO	1	org.l2jmobius.commons.util.IXmlReader	EnchantItemData: Loaded 30 enchant scrolls.
2025.02.22 12:30:58,024	INFO	1	org.l2jmobius.commons.util.IXmlReader	EnchantItemHPBonusData: Loaded 6 enchant HP bonuses.
2025.02.22 12:30:58,027	INFO	1	org.l2jmobius.gameserver.data.MerchantPriceConfigTable	MerchantPriceConfigTable: Loaded 28 merchant price configs.
2025.02.22 12:30:58,579	INFO	1	org.l2jmobius.gameserver.data.xml.BuyListData	BuyListData: Loaded 555 buyLists.
2025.02.22 12:30:58,720	INFO	1	org.l2jmobius.commons.util.IXmlReader	MultisellData: Loaded 77 multisell lists.
2025.02.22 12:30:58,754	INFO	1	org.l2jmobius.commons.util.IXmlReader	RecipeData: Loaded 782 recipes.
2025.02.22 12:30:58,774	INFO	1	org.l2jmobius.commons.util.IXmlReader	ArmorSetData: Loaded 45 armor sets.
2025.02.22 12:30:58,790	INFO	1	org.l2jmobius.commons.util.IXmlReader	FishData: Loaded 278 fishes.
2025.02.22 12:30:58,801	INFO	1	org.l2jmobius.commons.util.IXmlReader	FishingMonstersData: Loaded 8 fishing monsters.
2025.02.22 12:30:58,810	INFO	1	org.l2jmobius.commons.util.IXmlReader	FishingRodsData: Loaded 6 fishing rods.
2025.02.22 12:30:58,837	INFO	1	org.l2jmobius.commons.util.IXmlReader	HennaData: Loaded 180 henna data.
2025.02.22 12:30:58,838	INFO	1	org.l2jmobius.gameserver.GameServer	----------------------------------------------=[ Characters ]
2025.02.22 12:30:58,849	INFO	1	org.l2jmobius.commons.util.IXmlReader	ClassListData: Loaded 89 class data.
2025.02.22 12:30:58,861	INFO	1	org.l2jmobius.commons.util.IXmlReader	InitialEquipmentData: Loaded 9 initial equipment data.
2025.02.22 12:30:58,873	INFO	1	org.l2jmobius.commons.util.IXmlReader	InitialShortcutData: Loaded 5 initial global shortcut data.
2025.02.22 12:30:58,874	INFO	1	org.l2jmobius.commons.util.IXmlReader	InitialShortcutData: Loaded 4 initial shortcut data.
2025.02.22 12:30:58,874	INFO	1	org.l2jmobius.commons.util.IXmlReader	InitialShortcutData: Loaded 0 macro presets.
2025.02.22 12:30:58,885	INFO	1	org.l2jmobius.gameserver.data.xml.ExperienceData	ExperienceData: Loaded 79 levels.
2025.02.22 12:30:58,885	INFO	1	org.l2jmobius.gameserver.data.xml.ExperienceData	ExperienceData: Max Player Level is 78.
2025.02.22 12:30:58,885	INFO	1	org.l2jmobius.gameserver.data.xml.ExperienceData	ExperienceData: Max Pet Level is 78.
2025.02.22 12:30:58,904	INFO	1	org.l2jmobius.commons.util.IXmlReader	KarmaData: Loaded 80 karma modifiers.
2025.02.22 12:30:58,913	INFO	1	org.l2jmobius.commons.util.IXmlReader	HitConditionBonusData: Loaded hit condition bonuses.
2025.02.22 12:30:59,102	INFO	1	org.l2jmobius.gameserver.data.xml.PlayerTemplateData	PlayerTemplateData: Loaded 89 character templates.
2025.02.22 12:30:59,103	INFO	1	org.l2jmobius.gameserver.data.xml.PlayerTemplateData	PlayerTemplateData: Loaded 41652 level up gain records.
2025.02.22 12:30:59,106	INFO	1	org.l2jmobius.gameserver.data.sql.CharInfoTable	CharInfoTable: Loaded 4 char names.
2025.02.22 12:30:59,119	INFO	1	org.l2jmobius.gameserver.data.xml.AdminData	AdminData: Loaded 10 access levels.
2025.02.22 12:30:59,129	INFO	1	org.l2jmobius.gameserver.data.xml.AdminData	AdminData: Loaded 414 access commands.
2025.02.22 12:30:59,133	INFO	1	org.l2jmobius.gameserver.managers.RaidBossPointsManager	RaidBossPointsManager: Loaded 0 Characters Raid Points.
2025.02.22 12:30:59,211	INFO	1	org.l2jmobius.commons.util.IXmlReader	PetDataTable: Loaded 12 pets.
2025.02.22 12:30:59,227	INFO	1	org.l2jmobius.gameserver.GameServer	---------------------------------------------------=[ Clans ]
2025.02.22 12:30:59,242	INFO	1	org.l2jmobius.gameserver.communitybbs.Manager.ForumsBBSManager	ForumsBBSManager: Loaded 4 forums. Last forum id used: 4
2025.02.22 12:30:59,243	INFO	1	org.l2jmobius.gameserver.data.sql.ClanTable	ClanTable: Restored 0 clans from the database.
2025.02.22 12:30:59,259	INFO	1	org.l2jmobius.gameserver.managers.CHSiegeManager	CHSiegeManager: Loaded 6 conquerable clan halls.
2025.02.22 12:30:59,295	INFO	1	org.l2jmobius.gameserver.managers.ClanHallAuctionManager	ClanHallAuctionManager: Loaded 27 auction(s)
2025.02.22 12:30:59,296	INFO	1	org.l2jmobius.gameserver.data.sql.ClanHallTable	ClanHallTable: Loaded 0 clan halls
2025.02.22 12:30:59,296	INFO	1	org.l2jmobius.gameserver.data.sql.ClanHallTable	ClanHallTable: Loaded 27 free clan halls
2025.02.22 12:30:59,296	INFO	1	org.l2jmobius.gameserver.GameServer	-------------------------------------------------=[ Geodata ]
2025.02.22 12:30:59,319	INFO	1	org.l2jmobius.gameserver.geoengine.GeoEngine	GeoEngine: Loaded 0 regions.
2025.02.22 12:30:59,319	INFO	1	org.l2jmobius.gameserver.geoengine.GeoEngine	GeoEngine: Pathfinding is disabled.
2025.02.22 12:30:59,319	INFO	1	org.l2jmobius.gameserver.GameServer	----------------------------------------------------=[ NPCs ]
2025.02.22 12:30:59,378	INFO	1	org.l2jmobius.gameserver.managers.ZoneManager	ZoneManager 12 by 17 Zone Region Grid set up.
2025.02.22 12:30:59,448	INFO	1	org.l2jmobius.gameserver.data.NpcIdConverter	NpcIdConverter: Loaded 5781 replacements.
2025.02.22 12:31:00,273	INFO	1	org.l2jmobius.commons.util.IXmlReader	NpcData: Loaded 5739 NPCs.
2025.02.22 12:31:00,299	INFO	1	org.l2jmobius.commons.util.IXmlReader	NpcData: Loaded 41 custom NPCs.
2025.02.22 12:31:00,312	INFO	1	org.l2jmobius.commons.util.IXmlReader	SkillLearnData: Loaded 201 skill learn data.
2025.02.22 12:31:00,316	INFO	1	org.l2jmobius.gameserver.managers.GrandBossManager	GrandBossManager: Queen Ant(29001) status is 0.
2025.02.22 12:31:00,316	INFO	1	org.l2jmobius.gameserver.managers.GrandBossManager	GrandBossManager: Core(29006) status is 0.
2025.02.22 12:31:00,316	INFO	1	org.l2jmobius.gameserver.managers.GrandBossManager	GrandBossManager: Orfen(29014) status is 0.
2025.02.22 12:31:00,316	INFO	1	org.l2jmobius.gameserver.managers.GrandBossManager	GrandBossManager: Antharas(29019) status is 0.
2025.02.22 12:31:00,316	INFO	1	org.l2jmobius.gameserver.managers.GrandBossManager	GrandBossManager: Baium(29020) status is 0.
2025.02.22 12:31:00,317	INFO	1	org.l2jmobius.gameserver.managers.GrandBossManager	GrandBossManager: Zaken(29022) status is 0.
2025.02.22 12:31:00,317	INFO	1	org.l2jmobius.gameserver.managers.GrandBossManager	GrandBossManager: Valakas(29028) status is 0.
2025.02.22 12:31:00,317	INFO	1	org.l2jmobius.gameserver.managers.GrandBossManager	GrandBossManager: Loaded 7 Instances
2025.02.22 12:31:00,413	INFO	1	org.l2jmobius.gameserver.managers.ZoneManager	ZoneManager: Loaded 28 zone classes and 2369 zones.
2025.02.22 12:31:00,415	INFO	1	org.l2jmobius.gameserver.managers.ZoneManager	ZoneManager: Last static id 200224.
2025.02.22 12:31:00,442	INFO	1	org.l2jmobius.commons.util.IXmlReader	DoorData: Loaded 539 doors.
2025.02.22 12:31:00,457	INFO	1	FenceData	FenceData: Loaded 1 fences.
2025.02.22 12:31:00,475	INFO	1	org.l2jmobius.gameserver.data.xml.LevelUpCrystalData	Soul crystal data : Loaded 39
2025.02.22 12:31:00,475	INFO	1	org.l2jmobius.gameserver.data.xml.LevelUpCrystalData	Npc leveling crystal data : Loaded 117
2025.02.22 12:31:00,494	INFO	1	org.l2jmobius.gameserver.managers.WalkingManager	WalkingManager: Loaded 12 walking routes.
2025.02.22 12:31:00,512	INFO	1	org.l2jmobius.commons.util.IXmlReader	StaticObjectData: Loaded 29 static object templates.
2025.02.22 12:31:00,521	INFO	1	org.l2jmobius.gameserver.managers.CastleManager	CastleManager: Loaded 7 castles
2025.02.22 12:31:00,535	INFO	1	org.l2jmobius.gameserver.data.SchemeBufferTable	SchemeBufferTable: Loaded 0 players schemes and 54 available buffs.
2025.02.22 12:31:00,544	INFO	1	org.l2jmobius.gameserver.managers.GrandBossManager	GrandBossManager: Initialized 9 Grand Boss Zones
2025.02.22 12:31:00,546	INFO	1	org.l2jmobius.gameserver.GameServer	------------------------------------------------=[ Olympiad ]
2025.02.22 12:31:00,561	INFO	1	org.l2jmobius.gameserver.model.olympiad.Olympiad	Olympiad System: Loading Olympiad System....
2025.02.22 12:31:00,562	INFO	1	org.l2jmobius.gameserver.model.olympiad.Olympiad	Olympiad System: Currently in Olympiad Period
2025.02.22 12:31:00,562	INFO	1	org.l2jmobius.gameserver.model.olympiad.Olympiad	Olympiad System: 10048 minutes until period ends
2025.02.22 12:31:00,562	INFO	1	org.l2jmobius.gameserver.model.olympiad.Olympiad	Olympiad System: Next weekly change is in 1628 minutes
2025.02.22 12:31:00,562	INFO	1	org.l2jmobius.gameserver.model.olympiad.Olympiad	Olympiad System: Loaded 0 Nobles
2025.02.22 12:31:00,568	INFO	1	org.l2jmobius.gameserver.model.olympiad.Olympiad	Olympiad System: Competition Period Starts in 0 days, 5 hours and 28 mins.
2025.02.22 12:31:00,577	INFO	1	org.l2jmobius.gameserver.model.olympiad.Olympiad	Olympiad System: Event starts/started : Sat Feb 22 18:00:00 EET 2025
2025.02.22 12:31:00,582	INFO	1	org.l2jmobius.gameserver.model.olympiad.Hero	Hero System: Loaded 0 Heroes.
2025.02.22 12:31:00,582	INFO	1	org.l2jmobius.gameserver.model.olympiad.Hero	Hero System: Loaded 0 all time Heroes.
2025.02.22 12:31:00,582	INFO	1	org.l2jmobius.gameserver.GameServer	---------------------------------------------=[ Seven Signs ]
2025.02.22 12:31:00,592	INFO	1	org.l2jmobius.gameserver.model.sevensigns.SevenSigns	SevenSigns: Currently in the Quest Event Results period!
2025.02.22 12:31:00,593	INFO	1	org.l2jmobius.gameserver.model.sevensigns.SevenSigns	SevenSigns: The Seal of Avarice remains unclaimed.
2025.02.22 12:31:00,593	INFO	1	org.l2jmobius.gameserver.model.sevensigns.SevenSigns	SevenSigns: The Seal of Gnosis remains unclaimed.
2025.02.22 12:31:00,593	INFO	1	org.l2jmobius.gameserver.model.sevensigns.SevenSigns	SevenSigns: The Seal of Strife remains unclaimed.
2025.02.22 12:31:00,593	INFO	1	org.l2jmobius.gameserver.model.sevensigns.SevenSigns	SevenSigns: The competition, if the current trend continues, will end in a tie this week.
2025.02.22 12:31:00,593	INFO	1	org.l2jmobius.gameserver.model.sevensigns.SevenSigns	SevenSigns: Next period change was in the past (server was offline), changing periods now!
2025.02.22 12:31:00,594	INFO	70	org.l2jmobius.gameserver.model.sevensigns.SevenSigns	SevenSigns: The Seal of Avarice remains unclaimed.
2025.02.22 12:31:00,594	INFO	1	org.l2jmobius.gameserver.model.sevensigns.SevenSigns	SevenSigns: Next period begins in 0 days, 0 hours and 0 mins.
2025.02.22 12:31:00,595	INFO	70	org.l2jmobius.gameserver.model.sevensigns.SevenSigns	SevenSigns: The Seal of Gnosis remains unclaimed.
2025.02.22 12:31:00,595	INFO	1	org.l2jmobius.gameserver.GameServer	---------------------------------------------------=[ Cache ]
2025.02.22 12:31:00,595	INFO	70	org.l2jmobius.gameserver.model.sevensigns.SevenSigns	SevenSigns: The Seal of Strife remains unclaimed.
2025.02.22 12:31:00,597	INFO	1	org.l2jmobius.gameserver.cache.HtmCache	Cache[HTML]: Running lazy cache.
2025.02.22 12:31:00,607	INFO	1	org.l2jmobius.gameserver.data.sql.CrestTable	CrestTable: Loaded 0 Crests.
2025.02.22 12:31:00,620	INFO	1	org.l2jmobius.gameserver.data.sql.TeleportLocationTable	TeleportLocationTable: Loaded 659 teleport location templates.
2025.02.22 12:31:00,633	INFO	1	org.l2jmobius.gameserver.GameServer	-------------------------------------------------=[ Scripts ]
2025.02.22 12:31:00,636	INFO	1	org.l2jmobius.gameserver.GameServer	Loading server scripts...
2025.02.22 12:31:00,728	INFO	70	org.l2jmobius.gameserver.model.sevensigns.SevenSigns	SevenSigns: The No Cabal have won the competition with 0 points!
2025.02.22 12:31:00,744	INFO	70	org.l2jmobius.gameserver.model.sevensigns.SevenSignsFestival	SevenSignsFestival: Initialization bypassed due to Seal Validation in effect.
2025.02.22 12:31:00,799	INFO	70	org.l2jmobius.gameserver.model.sevensigns.SevenSigns	SevenSigns: The Seal Validation period has begun!
2025.02.22 12:31:00,800	INFO	70	org.l2jmobius.gameserver.model.sevensigns.SevenSigns	SevenSigns: Next period change set to Mon Feb 24 18:00:00 EET 2025
2025.02.22 12:31:01,131	INFO	1	handlers.MasterHandler	Loading Handlers...
2025.02.22 12:31:01,224	INFO	1	handlers.MasterHandler	ActionHandler: Loaded 10 handlers.
2025.02.22 12:31:01,224	INFO	1	handlers.MasterHandler	ActionShiftHandler: Loaded 6 handlers.
2025.02.22 12:31:01,224	INFO	1	handlers.MasterHandler	AdminCommandHandler: Loaded 425 handlers.
2025.02.22 12:31:01,224	INFO	1	handlers.MasterHandler	BypassHandler: Loaded 35 handlers.
2025.02.22 12:31:01,224	INFO	1	handlers.MasterHandler	ChatHandler: Loaded 14 handlers.
2025.02.22 12:31:01,224	INFO	1	handlers.MasterHandler	CommunityBoardHandler: Loaded 27 handlers.
2025.02.22 12:31:01,224	INFO	1	handlers.MasterHandler	ItemHandler: Loaded 25 handlers.
2025.02.22 12:31:01,225	INFO	1	handlers.MasterHandler	PunishmentHandler: Loaded 3 handlers.
2025.02.22 12:31:01,225	INFO	1	handlers.MasterHandler	UserCommandHandler: Loaded 15 handlers.
2025.02.22 12:31:01,225	INFO	1	handlers.MasterHandler	VoicedCommandHandler: Loaded 7 handlers.
2025.02.22 12:31:01,225	INFO	1	handlers.MasterHandler	TargetHandler: Loaded 34 handlers.
2025.02.22 12:31:01,225	INFO	1	handlers.MasterHandler	Handlers Loaded...
2025.02.22 12:31:07,479	INFO	1	ai.areas.ImperialTomb.FourSepulchers.FourSepulchers	[Four Sepulchers] Loaded 762 spawn zones data.
2025.02.22 12:31:07,551	INFO	1	org.l2jmobius.commons.util.IXmlReader	NpcBuffersData: Loaded 1 buffers data.
2025.02.22 12:31:07,586	CONFIG	1	conquerablehalls.BanditStronghold.BanditStronghold	Bandit StrongHold siege scheduled for Sun Mar 02 12:00:00 EET 2025.
2025.02.22 12:31:07,596	CONFIG	1	conquerablehalls.DevastatedCastle.DevastatedCastle	Devastated Castle siege scheduled for Sun Mar 02 12:00:00 EET 2025.
2025.02.22 12:31:07,605	CONFIG	1	conquerablehalls.FortressOfResistance.FortressOfResistance	Fortress of Resistance siege scheduled for Sun Mar 02 12:00:00 EET 2025.
2025.02.22 12:31:07,659	INFO	1	org.l2jmobius.gameserver.model.events.AbstractScript	Event Christmas has passed... Ignored 
2025.02.22 12:31:07,661	INFO	1	org.l2jmobius.gameserver.model.events.AbstractScript	Event Heavy Medal has passed... Ignored 
2025.02.22 12:31:07,663	INFO	1	org.l2jmobius.gameserver.model.events.AbstractScript	Event L2 Day has passed... Ignored 
2025.02.22 12:31:07,924	SEVERE	1	org.l2jmobius.gameserver.model.events.AbstractScript	Q00426_QuestForFishingShot: Found addStartNpc for non existing NPC: 31989!
2025.02.22 12:31:07,924	SEVERE	1	org.l2jmobius.gameserver.model.events.AbstractScript	Q00426_QuestForFishingShot: Found addStartNpc for non existing NPC: 32007!
2025.02.22 12:31:07,924	SEVERE	1	org.l2jmobius.gameserver.model.events.AbstractScript	Q00426_QuestForFishingShot: Found addTalkId for non existing NPC: 31989!
2025.02.22 12:31:07,924	SEVERE	1	org.l2jmobius.gameserver.model.events.AbstractScript	Q00426_QuestForFishingShot: Found addTalkId for non existing NPC: 32007!
2025.02.22 12:31:07,925	SEVERE	1	org.l2jmobius.gameserver.model.events.AbstractScript	Q00505_BloodOffering: Found addStartNpc for non existing NPC: 31997!
2025.02.22 12:31:07,925	SEVERE	1	org.l2jmobius.gameserver.model.events.AbstractScript	Q00505_BloodOffering: Found addTalkId for non existing NPC: 31997!
2025.02.22 12:31:07,925	SEVERE	1	org.l2jmobius.gameserver.model.events.AbstractScript	Q00505_BloodOffering: Found addStartNpc for non existing NPC: 31998!
2025.02.22 12:31:07,925	SEVERE	1	org.l2jmobius.gameserver.model.events.AbstractScript	Q00505_BloodOffering: Found addTalkId for non existing NPC: 31998!
2025.02.22 12:31:07,928	SEVERE	1	org.l2jmobius.gameserver.model.events.AbstractScript	Q00617_GatherTheFlames: Found addTalkId for non existing NPC: 32049!
2025.02.22 12:31:07,960	INFO	1	org.l2jmobius.gameserver.data.xml.SpawnData	SpawnData: Initializing spawns...
2025.02.22 12:31:08,977	INFO	1	org.l2jmobius.gameserver.data.xml.SpawnData	SpawnData: 32894 spawns have been initialized!
2025.02.22 12:31:08,979	INFO	1	org.l2jmobius.gameserver.managers.DayNightSpawnManager	DayNightSpawnManager: Removed 0 day creatures
2025.02.22 12:31:08,983	INFO	1	org.l2jmobius.gameserver.managers.DayNightSpawnManager	DayNightSpawnManager: Spawned 550 night creatures
2025.02.22 12:31:08,994	INFO	1	org.l2jmobius.gameserver.managers.DimensionalRiftManager	DimensionalRiftManager: Loaded 7 room types with 56 rooms.
2025.02.22 12:31:08,999	INFO	1	org.l2jmobius.gameserver.managers.DimensionalRiftManager	DimensionalRiftManager: Loaded 462 dimensional rift spawns, 0 errors.
2025.02.22 12:31:09,020	INFO	1	org.l2jmobius.gameserver.managers.RaidBossSpawnManager	RaidBossSpawnManager: Loaded 177 Instances
2025.02.22 12:31:09,020	INFO	1	org.l2jmobius.gameserver.managers.RaidBossSpawnManager	RaidBossSpawnManager: Scheduled 0 Instances
2025.02.22 12:31:09,021	INFO	1	org.l2jmobius.gameserver.GameServer	---------------------------------------------------=[ Siege ]
2025.02.22 12:31:09,043	INFO	1	org.l2jmobius.gameserver.data.xml.SiegeScheduleData	SiegeScheduleData: Loaded 7 siege schedulers.
2025.02.22 12:31:09,046	INFO	1	org.l2jmobius.gameserver.model.siege.Siege	Siege of Gludio: Sun Feb 23 16:00:00 EET 2025
2025.02.22 12:31:09,049	INFO	1	org.l2jmobius.gameserver.model.siege.Siege	Siege of Dion: Sun Feb 23 20:00:00 EET 2025
2025.02.22 12:31:09,051	INFO	1	org.l2jmobius.gameserver.model.siege.Siege	Siege of Giran: Sun Feb 23 16:00:00 EET 2025
2025.02.22 12:31:09,054	INFO	1	org.l2jmobius.gameserver.model.siege.Siege	Siege of Oren: Sun Feb 23 20:00:00 EET 2025
2025.02.22 12:31:09,055	INFO	1	org.l2jmobius.gameserver.model.siege.Siege	Siege of Aden: Sun Feb 23 16:00:00 EET 2025
2025.02.22 12:31:09,057	INFO	1	org.l2jmobius.gameserver.model.siege.Siege	Siege of Innadril: Sun Feb 23 20:00:00 EET 2025
2025.02.22 12:31:09,060	INFO	1	org.l2jmobius.gameserver.model.siege.Siege	Siege of Goddard: Sun Feb 23 16:00:00 EET 2025
2025.02.22 12:31:09,075	INFO	1	org.l2jmobius.commons.util.IXmlReader	CastleManorManager: Loaded 198 seeds.
2025.02.22 12:31:09,093	INFO	1	org.l2jmobius.commons.util.IXmlReader	CastleManorManager: Manor data loaded.
2025.02.22 12:31:09,104	INFO	1	org.l2jmobius.gameserver.managers.MercTicketManager	MercTicketManager: Loaded 0 Mercenary Tickets
2025.02.22 12:31:09,104	INFO	1	org.l2jmobius.gameserver.managers.QuestManager	QuestManager: Loaded 294 quests.
2025.02.22 12:31:09,105	INFO	1	org.l2jmobius.gameserver.managers.QuestManager	QuestManager: Loaded 99 scripts.
2025.02.22 12:31:09,116	INFO	1	org.l2jmobius.gameserver.managers.games.MonsterRaceManager	MonsterRace: loaded 3 records, currently on race #4
2025.02.22 12:31:09,138	INFO	1	org.l2jmobius.gameserver.GameServer	AutoSpawnHandler: Loaded 121 handlers in total.
2025.02.22 12:31:09,156	INFO	1	org.l2jmobius.gameserver.taskmanagers.PersistentTaskManager	PersistentTaskManager: Loaded 8 Tasks.
2025.02.22 12:31:09,158	INFO	1	org.l2jmobius.gameserver.managers.DailyResetManager	DailyResetManager: Next schedule at 23/02/2025 06:30:00.
2025.02.22 12:31:09,168	INFO	1	org.l2jmobius.gameserver.managers.PunishmentManager	PunishmentManager: Loaded 0 active and 0 expired punishments.
2025.02.22 12:31:09,169	INFO	1	org.l2jmobius.gameserver.GameServer	IdManager: Free ObjectID's remaining: 1879011455
2025.02.22 12:31:09,171	INFO	1	org.l2jmobius.gameserver.data.sql.OfflineTraderTable	OfflineTraderTable: Loading offline traders...
2025.02.22 12:31:09,172	INFO	1	org.l2jmobius.gameserver.data.sql.OfflineTraderTable	OfflineTraderTable: Loaded 0 offline traders.
2025.02.22 12:31:09,174	INFO	211	org.l2jmobius.commons.util.DeadlockWatcher	DeadlockWatcher: Thread started.
2025.02.22 12:31:09,390	INFO	1	org.l2jmobius.gameserver.GameServer	GameServer: Started, using 472 of 16348 MB total memory.
2025.02.22 12:31:09,390	INFO	1	org.l2jmobius.gameserver.GameServer	GameServer: Maximum number of connected players is 2000.
2025.02.22 12:31:09,392	INFO	1	org.l2jmobius.gameserver.GameServer	GameServer: Server loaded in 16 seconds.
2025.02.22 12:31:09,425	INFO	215	org.l2jmobius.gameserver.LoginServerThread	LoginServerThread: Connecting to login on 127.0.0.1:9014
2025.02.22 12:31:09,426	WARNING	215	org.l2jmobius.gameserver.LoginServerThread	LoginServerThread: LoginServer not available, trying to reconnect...
2025.02.22 12:31:14,428	INFO	215	org.l2jmobius.gameserver.LoginServerThread	LoginServerThread: Connecting to login on 127.0.0.1:9014
2025.02.22 12:31:14,428	WARNING	215	org.l2jmobius.gameserver.LoginServerThread	LoginServerThread: LoginServer not available, trying to reconnect...
2025.02.22 12:31:19,429	INFO	215	org.l2jmobius.gameserver.LoginServerThread	LoginServerThread: Connecting to login on 127.0.0.1:9014
2025.02.22 12:31:19,429	WARNING	215	org.l2jmobius.gameserver.LoginServerThread	LoginServerThread: LoginServer not available, trying to reconnect...
2025.02.22 12:31:22,963	WARNING	55	org.l2jmobius.gameserver.Shutdown	Server scheduled restart issued shutdown command. Shutdown in 1 seconds!
2025.02.22 12:31:23,969	WARNING	217	org.l2jmobius.gameserver.Shutdown	GM shutdown countdown is over. shutting down NOW!
2025.02.22 12:31:23,970	INFO	217	org.l2jmobius.gameserver.Shutdown	All players disconnected and saved(0ms).
2025.02.22 12:31:23,970	INFO	217	org.l2jmobius.gameserver.Shutdown	Game Time Task Manager: Thread interruped(1ms).
2025.02.22 12:31:23,970	INFO	217	org.l2jmobius.commons.threads.ThreadPool	ThreadPool: Shutting down.
2025.02.22 12:31:23,977	INFO	217	org.l2jmobius.gameserver.Shutdown	Thread Pool Manager: Manager has been shut down(6ms).
2025.02.22 12:31:23,977	INFO	215	org.l2jmobius.gameserver.LoginServerThread	LoginServerThread: Connecting to login on 127.0.0.1:9014
2025.02.22 12:31:23,977	INFO	217	org.l2jmobius.gameserver.Shutdown	Login Server Thread: Thread interruped(1ms).
2025.02.22 12:31:23,977	INFO	217	org.l2jmobius.gameserver.Shutdown	GM shutdown received. Shutting down NOW!
2025.02.22 12:31:23,977	WARNING	215	org.l2jmobius.gameserver.LoginServerThread	LoginServerThread: LoginServer not available, trying to reconnect...
2025.02.22 12:31:23,978	INFO	217	org.l2jmobius.gameserver.Shutdown	SevenSigns: Seven Signs data saved(1ms).
2025.02.22 12:31:23,980	INFO	217	org.l2jmobius.gameserver.Shutdown	SevenSigns: Seven Signs status saved(2ms).
2025.02.22 12:31:24,001	INFO	217	org.l2jmobius.gameserver.Shutdown	RaidBossSpawnManager: All raidboss info saved(21ms).
2025.02.22 12:31:24,004	INFO	217	org.l2jmobius.gameserver.Shutdown	GrandBossManager: All Grand Boss info saved(3ms).
2025.02.22 12:31:24,005	INFO	217	org.l2jmobius.gameserver.Shutdown	Olympiad System: Data saved(1ms).
2025.02.22 12:31:24,005	INFO	217	org.l2jmobius.gameserver.Shutdown	Hero System: Data saved(0ms).
2025.02.22 12:31:24,005	INFO	217	org.l2jmobius.gameserver.Shutdown	Clan System: Data saved(0ms).
2025.02.22 12:31:24,006	INFO	217	org.l2jmobius.gameserver.Shutdown	Castle Manor Manager: Data saved(1ms).
2025.02.22 12:31:24,006	CONFIG	217	conquerablehalls.DevastatedCastle.DevastatedCastle	DevastatedCastle: Successfully saved attackers to database.
2025.02.22 12:31:24,007	CONFIG	217	conquerablehalls.BanditStronghold.BanditStronghold	BanditStronghold: Successfully saved attackers to database.
2025.02.22 12:31:24,007	CONFIG	217	conquerablehalls.FortressOfResistance.FortressOfResistance	FortressOfResistance: Successfully saved attackers to database.
2025.02.22 12:31:24,007	INFO	217	org.l2jmobius.gameserver.Shutdown	CHSiegeManager: Siegable hall attacker lists saved!
2025.02.22 12:31:24,007	INFO	217	org.l2jmobius.gameserver.Shutdown	Quest Manager: Data saved(1ms).
2025.02.22 12:31:24,015	INFO	217	org.l2jmobius.gameserver.managers.GlobalVariablesManager	GlobalVariablesManager: Stored 3 variables.
2025.02.22 12:31:24,015	INFO	217	org.l2jmobius.gameserver.Shutdown	Global Variables Manager: Variables saved(8ms).
2025.02.22 12:31:24,027	INFO	217	org.l2jmobius.gameserver.Shutdown	SchemeBufferTable data has been saved.
2025.02.22 12:31:28,978	INFO	215	org.l2jmobius.gameserver.LoginServerThread	LoginServerThread: Connecting to login on 127.0.0.1:9014
2025.02.22 12:31:28,978	WARNING	215	org.l2jmobius.gameserver.LoginServerThread	LoginServerThread: LoginServer not available, trying to reconnect...
2025.02.22 12:31:29,036	INFO	217	org.l2jmobius.commons.database.DatabaseFactory	Database: HikariCP pool closed successfully.
2025.02.22 12:31:29,036	INFO	217	org.l2jmobius.gameserver.Shutdown	Database Factory: Database connection has been shut down(8ms).
2025.02.22 12:31:29,036	INFO	217	org.l2jmobius.gameserver.Shutdown	The server has been successfully shut down in 5seconds.
